{"name":"login","id":"web_tests_lab5.olx_tests.LoginTest:login","testCaseName":"web_tests_lab5.olx_tests.LoginTest","testSteps":[{"number":1,"description":"Login: sapot76893@dghetian.com, Parola123.","duration":6893,"startTime":"2021-05-08T23:34:25.914395800+03:00[Europe/Athens]","screenshots":[{"screenshot":"69458a78a036527bae16b4d9d177eb4dcbda416bae386979e9cbe34b86939cea.png","htmlSource":"pagesource6713379201859407122.html.txt","timeStamp":1620506072799}],"exception":{"errorType":"net.thucydides.core.webdriver.exceptions.ElementShouldBeEnabledException","message":"Expected enabled element was not enabled","stackTrace":[{"classLoaderName":"app","declaringClass":"web_tests_lab5.pages.OLXPage","methodName":"clickLogin","fileName":"OLXPage.java","lineNumber":52,"format":1},{"classLoaderName":"app","declaringClass":"web_tests_lab5.steps.serenity.EndUserSteps","methodName":"login","fileName":"EndUserSteps.java","lineNumber":17,"format":1},{"classLoaderName":"app","declaringClass":"web_tests_lab5.olx_tests.LoginTest","methodName":"login","fileName":"LoginTest.java","lineNumber":28,"format":1}],"rootCause":{"errorType":"org.openqa.selenium.TimeoutException","message":"Expected condition failed: waiting for OLXPage.autentificare to be enabled (tried for 5 second(s) with 100 milliseconds interval)","stackTrace":[{"classLoaderName":"app","declaringClass":"web_tests_lab5.pages.OLXPage","methodName":"clickLogin","fileName":"OLXPage.java","lineNumber":52,"format":1},{"classLoaderName":"app","declaringClass":"web_tests_lab5.steps.serenity.EndUserSteps","methodName":"login","fileName":"EndUserSteps.java","lineNumber":17,"format":1},{"classLoaderName":"app","declaringClass":"web_tests_lab5.olx_tests.LoginTest","methodName":"login","fileName":"LoginTest.java","lineNumber":28,"format":1}],"rootCause":{"errorType":"org.openqa.selenium.NoSuchElementException","message":"Timed out after 2 seconds. Element not found\nFor documentation on this error, please visit: https://www.seleniumhq.org/exceptions/no_such_element.html\nBuild info: version: \u00273.141.59\u0027, revision: \u0027e82be7d358\u0027, time: \u00272018-11-14T08:17:03\u0027\nSystem info: host: \u0027DESKTOP-LAPTOP-\u0027, ip: \u0027192.168.0.166\u0027, os.name: \u0027Windows 10\u0027, os.arch: \u0027amd64\u0027, os.version: \u002710.0\u0027, java.version: \u002711.0.5\u0027\nDriver info: driver.version: unknown","stackTrace":[{"classLoaderName":"app","declaringClass":"web_tests_lab5.pages.OLXPage","methodName":"clickLogin","fileName":"OLXPage.java","lineNumber":52,"format":1},{"classLoaderName":"app","declaringClass":"web_tests_lab5.steps.serenity.EndUserSteps","methodName":"login","fileName":"EndUserSteps.java","lineNumber":17,"format":1},{"classLoaderName":"app","declaringClass":"web_tests_lab5.olx_tests.LoginTest","methodName":"login","fileName":"LoginTest.java","lineNumber":28,"format":1}]}}},"result":"FAILURE","precondition":false,"level":0},{"number":2,"description":"Should see username: sapot76893","duration":2,"startTime":"2021-05-08T23:34:32.811555700+03:00[Europe/Athens]","result":"SKIPPED","precondition":false,"level":0}],"userStory":{"id":"web_tests_lab5.olx_tests.LoginTest","storyName":"Login test","storyClassName":"web_tests_lab5.olx_tests.LoginTest","path":"web_tests_lab5.olx_tests","type":"story"},"featureTag":{"name":"Olx tests/Login test","type":"story","displayName":"Olx tests/Login test"},"title":"Login","tags":[{"name":"chrome","type":"context","displayName":"chrome"},{"name":"Olx tests/Login test","type":"story","displayName":"Olx tests/Login test"}],"startTime":"2021-05-08T23:34:25.461401+03:00[Europe/Athens]","duration":7364,"testFailureCause":{"errorType":"net.thucydides.core.webdriver.exceptions.ElementShouldBeEnabledException","message":"Expected enabled element was not enabled\nBuild info: version: \u00273.141.59\u0027, revision: \u0027e82be7d358\u0027, time: \u00272018-11-14T08:17:03\u0027\nSystem info: host: \u0027DESKTOP-LAPTOP-\u0027, ip: \u0027192.168.0.166\u0027, os.name: \u0027Windows 10\u0027, os.arch: \u0027amd64\u0027, os.version: \u002710.0\u0027, java.version: \u002711.0.5\u0027\nDriver info: driver.version: unknown","stackTrace":[{"classLoaderName":"app","declaringClass":"web_tests_lab5.pages.OLXPage","methodName":"clickLogin","fileName":"OLXPage.java","lineNumber":52,"format":1},{"classLoaderName":"app","declaringClass":"web_tests_lab5.steps.serenity.EndUserSteps","methodName":"login","fileName":"EndUserSteps.java","lineNumber":17,"format":1},{"classLoaderName":"app","declaringClass":"web_tests_lab5.olx_tests.LoginTest","methodName":"login","fileName":"LoginTest.java","lineNumber":28,"format":1}]},"testFailureClassname":"net.thucydides.core.webdriver.exceptions.ElementShouldBeEnabledException","testFailureMessage":"Expected enabled element was not enabled\nBuild info: version: \u00273.141.59\u0027, revision: \u0027e82be7d358\u0027, time: \u00272018-11-14T08:17:03\u0027\nSystem info: host: \u0027DESKTOP-LAPTOP-\u0027, ip: \u0027192.168.0.166\u0027, os.name: \u0027Windows 10\u0027, os.arch: \u0027amd64\u0027, os.version: \u002710.0\u0027, java.version: \u002711.0.5\u0027\nDriver info: driver.version: unknown","testFailureSummary":"FAILURE;net.thucydides.core.webdriver.exceptions.ElementShouldBeEnabledException;Expected enabled element was not enabled\nBuild info: version: \u00273.141.59\u0027, revision: \u0027e82be7d358\u0027, time: \u00272018-11-14T08:17:03\u0027\nSystem info: host: \u0027DESKTOP-LAPTOP-\u0027, ip: \u0027192.168.0.166\u0027, os.name: \u0027Windows 10\u0027, os.arch: \u0027amd64\u0027, os.version: \u002710.0\u0027, java.version: \u002711.0.5\u0027\nDriver info: driver.version: unknown;OLXPage.java","projectKey":"","annotatedResult":"FAILURE","sessionId":"e099465b307adf30866971b069f7cf06","driver":"chrome","isManualTestingUpToDate":false,"context":"chrome","manual":false,"testSource":"JUnit","result":"FAILURE"}