<?xml version="1.0" encoding="UTF-8"?><testsuite errors="0" failures="2" name="web_tests_lab5.features.search.SearchByKeywordStory" skipped="1" tests="3" time="24.88" timestamp="2021-05-08 11:44:23"><testcase classname="web_tests_lab5.features.search.SearchByKeywordStory" name="Searching by keyword banana should display the corresponding article"><failure message="Expected enabled element was not enabled" type="net.thucydides.core.webdriver.exceptions.ElementShouldBeEnabledException">Expected enabled element was not enabled</failure><system-err>Expected enabled element was not enabled&#13;
web_tests_lab5.pages.OLXPage.enter_keywords(OLXPage.java:48)&#13;
web_tests_lab5.steps.serenity.EndUserSteps.enters(EndUserSteps.java:24)&#13;
web_tests_lab5.steps.serenity.EndUserSteps.looks_for(EndUserSteps.java:49)&#13;
web_tests_lab5.features.search.SearchByKeywordStory.searching_by_keyword_banana_should_display_the_corresponding_article(SearchByKeywordStory.java:36)&#13;
</system-err></testcase><testcase classname="web_tests_lab5.features.search.SearchByKeywordStory" name="Searching by ambiguious keyword should display the disambiguation page"><skipped/></testcase><testcase classname="web_tests_lab5.features.search.SearchByKeywordStory" name="Searching by keyword apple should display the corresponding article"><failure message="Expected enabled element was not enabled" type="net.thucydides.core.webdriver.exceptions.ElementShouldBeEnabledException">Expected enabled element was not enabled</failure><system-err>Expected enabled element was not enabled&#13;
web_tests_lab5.pages.OLXPage.enter_keywords(OLXPage.java:48)&#13;
web_tests_lab5.steps.serenity.EndUserSteps.enters(EndUserSteps.java:24)&#13;
web_tests_lab5.steps.serenity.EndUserSteps.looks_for(EndUserSteps.java:49)&#13;
web_tests_lab5.features.search.SearchByKeywordStory.searching_by_keyword_apple_should_display_the_corresponding_article(SearchByKeywordStory.java:28)&#13;
</system-err></testcase></testsuite>